<?xml version="1.0" encoding="UTF-8"?>
<!-- Generated by org.testng.reporters.JUnitXMLReporter -->
<testsuite ignored="1" hostname="ShivarajNagaroor" failures="0" tests="2" name="Test" time="14.274" errors="0" timestamp="2026-03-07T12:36:27 IST">
  <testcase classname="testCases.TC001_AccountRegistrationTest" name="verify_account_registration" time="2.991"/>
  <testcase classname="testCases.TC002_LoginTest" name="LoginTest" time="2.624"/>
  <testcase classname="testCases.TC003_LoginDDTTest" name="verify_LoginData" time="0.0">
    <ignored/>
  </testcase> <!-- verify_LoginData -->
</testsuite> <!-- Test -->
